

[+] exp starts from: 2023-04-08 23:34:21
[+] model: Resnet18Classifier
    [-] model.num_classes: 2
    [-] model.num_channels: 3
    [-] model.from_pretrained: imagenet
[+] device: cuda:0
[+] criterion: CrossEntropyLoss
[+] log_path: ./logs/dogs_vs_cats.resnet18.log
[+] dataset: dogs_vs_cats
[+] seed: 0
[+] trn_preprocess:
    [-] 00: Resize(size=(256,256),interpolation=bilinear,max_size=None,antialias=None)
    [-] 01: RandomCrop(size=(224,224),padding=None)
    [-] 02: RandomHorizontalFlip(p=0.5)
    [-] 03: ToTensor()
    [-] 04: Normalize(mean=(0.485,0.456,0.406),std=(0.229,0.224,0.2225))
[+] val_preprocess:
    [-] 00: Resize(size=(256,256),interpolation=bilinear,max_size=None,antialias=None)
    [-] 01: ToTensor()
    [-] 02: Normalize(mean=(0.485,0.456,0.406),std=(0.229,0.224,0.2225))
[+] batch_size: 32
[+] num_epochs: 8
[+] optimizer: SGD
    [-] optimizer.lr: 0.001
    [-] optimizer.momentum: 0.9
    [-] optimizer.nesterov: True
[+] scheduler: StepLR
    [-] scheduler.step_size: 4
    [-] scheduler.gamma: 0.1
[+] checkpoint_path: ./checkpoints/dogs_vs_cats.resnet18.pt
    ========================================
    [001] trn-loss: 0.2173 --- trn-acc: 90.49%
    [001] val-loss: 0.1256 --- val-acc: 94.80%
    ========================================
    [002] trn-loss: 0.0862 --- trn-acc: 96.55%
    [002] val-loss: 0.0705 --- val-acc: 97.36%
    ========================================
    [003] trn-loss: 0.0627 --- trn-acc: 97.63%
    [003] val-loss: 0.0622 --- val-acc: 97.52%
    ========================================
    [004] trn-loss: 0.0517 --- trn-acc: 97.99%
    [004] val-loss: 0.0604 --- val-acc: 97.84%
    ========================================
    [005] trn-loss: 0.0369 --- trn-acc: 98.67%
    [005] val-loss: 0.0514 --- val-acc: 98.08%
    ========================================
    [006] trn-loss: 0.0308 --- trn-acc: 98.85%
    [006] val-loss: 0.0474 --- val-acc: 98.32%
    ========================================
    [007] trn-loss: 0.0301 --- trn-acc: 98.88%
    [007] val-loss: 0.0498 --- val-acc: 98.32%
    ========================================
    [008] trn-loss: 0.0297 --- trn-acc: 98.92%
    [008] val-loss: 0.0419 --- val-acc: 98.56%
[=] best-val-acc: 98.56%
