

[+] exp starts from: 2023-04-08 23:56:52
[+] model: LstmGnerator
    [-] model.vocab_size: 8293
    [-] model.lstm_input_size: 512
    [-] model.lstm_output_size: 1024
    [-] model.num_lstm_layers: 3
    [-] model.lstm_dropout: 0.5
[+] device: cuda:0
[+] criterion: CrossEntropyLoss
[+] dataset: DatasetPoemGenerator
    [-] dataset.sequence_length: 50
    [-] dataset.use_samples: 640
[+] log_path: ./logs/poem(640).lstm.log
[+] seed: 0
[+] batch_size: 32
[+] num_epochs: 20
[+] optimizer: AdamW
    [-] optimizer.lr: 0.002
    [-] optimizer.weight_decay: 0.0001
[+] scheduler: None
[+] checkpoint_path: ./checkpoints/poem(640).lstm.pt
    ========================================
    [001] trn-loss: 7.3294 --- trn-acc: 11.80%
    [001] <START>风，，，，，，，，，，，，，，，，，，，，，，，，，，，，，，，，，，，，，，，，，，，，，，，，
    ========================================
    [002] trn-loss: 5.6176 --- trn-acc: 22.90%
    [002] <START>风山<EOP>
    ========================================
    [003] trn-loss: 5.3750 --- trn-acc: 24.41%
    [003] <START>风山不不，山山山山。<EOP>
    ========================================
    [004] trn-loss: 5.2521 --- trn-acc: 24.57%
    [004] <START>风山不山，山人不中。<EOP>
    ========================================
    [005] trn-loss: 5.1551 --- trn-acc: 24.60%
    [005] <START>风人一山，山人一山。<EOP>
    ========================================
    [006] trn-loss: 5.0807 --- trn-acc: 24.71%
    [006] <START>风年不不远，不山一山时。<EOP>
    ========================================
    [007] trn-loss: 5.0085 --- trn-acc: 24.67%
    [007] <START>风年不已郡，晨山复自秋。<EOP>
    ========================================
    [008] trn-loss: 4.9615 --- trn-acc: 24.79%
    [008] <START>风子一已子，春山不不秋。<EOP>
    ========================================
    [009] trn-loss: 4.8971 --- trn-acc: 24.87%
    [009] <START>风山一山人，山山一山门。<EOP>
    ========================================
    [010] trn-loss: 4.8190 --- trn-acc: 24.94%
    [010] <START>风月生云凉，晨是独中行。<EOP>
    ========================================
    [011] trn-loss: 4.7500 --- trn-acc: 25.11%
    [011] <START>风年不已郡，西人独幽时。<EOP>
    ========================================
    [012] trn-loss: 4.6528 --- trn-acc: 25.32%
    [012] <START>风藩不已久，幽林亦未欣。还来无已远，高此独未施。<EOP>
    ========================================
    [013] trn-loss: 4.5453 --- trn-acc: 25.54%
    [013] <START>风年欲山去，山山出幽门。还从方所攀，高来一所E。<EOP>
    ========================================
    [014] trn-loss: 4.4194 --- trn-acc: 25.86%
    [014] <START>风子滴云兮岐边之，一年青人一炜然。立人不可脱琼去，欲有先人满人藓。<EOP>
    ========================================
    [015] trn-loss: 4.3017 --- trn-acc: 26.41%
    [015] <START>风子寒云度，西山在幽里。始见无芳里，高月亦已同。始见心已永，高是已幽情。<EOP>
    ========================================
    [016] trn-loss: 4.1723 --- trn-acc: 26.85%
    [016] <START>风树春城暮，晨木亦相同。还来何人动，高树夜南川。端居无相见，高人何南眠。<EOP>
    ========================================
    [017] trn-loss: 4.0198 --- trn-acc: 27.71%
    [017] <START>风年郡郡郡，青月已清襟。还见南海散，还是清城曙。还见南海散，还见清城曲。<EOP>
    ========================================
    [018] trn-loss: 3.8670 --- trn-acc: 28.71%
    [018] <START>风阁非京构，晨咏一雾襟。还君飘所职，欲复独纷持。还然须海巅，高书复归前。还怀飘园气，高书复归归。<EOP>
    ========================================
    [019] trn-loss: 3.6855 --- trn-acc: 30.17%
    [019] <START>风阁澄芳燕，西为已伊门。诸门已已永，高里已华曙。还怀故园郡，独见此田时。<EOP>
    ========================================
    [020] trn-loss: 3.5179 --- trn-acc: 31.45%
    [020] <START>风阁何馆霜，散宫散幽林。高阁霭新节，高光洒华襟。徒f芳席，终与f人魂。<EOP>
[=] best-acc: 31.45%
[=] best-poem: <START>风阁何馆霜，散宫散幽林。高阁霭新节，高光洒华襟。徒f芳席，终与f人魂。<EOP>
